Determining if the Q_WS_WIN exist failed with the following output:
Change Dir: /home/salabeta/robocomp/components/RoboticaAvanzada/footpreassuresensor/CMakeFiles/CMakeTmp

Run Build Command:"/usr/bin/make" "cmTryCompileExec1047828505/fast"
/usr/bin/make -f CMakeFiles/cmTryCompileExec1047828505.dir/build.make CMakeFiles/cmTryCompileExec1047828505.dir/build
make[1]: Entering directory '/home/salabeta/robocomp/components/RoboticaAvanzada/footpreassuresensor/CMakeFiles/CMakeTmp'
/usr/bin/cmake -E cmake_progress_report /home/salabeta/robocomp/components/RoboticaAvanzada/footpreassuresensor/CMakeFiles/CMakeTmp/CMakeFiles 1
Building CXX object CMakeFiles/cmTryCompileExec1047828505.dir/CheckSymbolExists.cxx.o
/usr/bin/c++    -I/usr/include/qt4    -o CMakeFiles/cmTryCompileExec1047828505.dir/CheckSymbolExists.cxx.o -c /home/salabeta/robocomp/components/RoboticaAvanzada/footpreassuresensor/CMakeFiles/CMakeTmp/CheckSymbolExists.cxx
/home/salabeta/robocomp/components/RoboticaAvanzada/footpreassuresensor/CMakeFiles/CMakeTmp/CheckSymbolExists.cxx: In function ‘int main(int, char**)’:
/home/salabeta/robocomp/components/RoboticaAvanzada/footpreassuresensor/CMakeFiles/CMakeTmp/CheckSymbolExists.cxx:8:19: error: ‘Q_WS_WIN’ was not declared in this scope
   return ((int*)(&Q_WS_WIN))[argc];
                   ^
CMakeFiles/cmTryCompileExec1047828505.dir/build.make:57: recipe for target 'CMakeFiles/cmTryCompileExec1047828505.dir/CheckSymbolExists.cxx.o' failed
make[1]: *** [CMakeFiles/cmTryCompileExec1047828505.dir/CheckSymbolExists.cxx.o] Error 1
make[1]: Leaving directory '/home/salabeta/robocomp/components/RoboticaAvanzada/footpreassuresensor/CMakeFiles/CMakeTmp'
Makefile:117: recipe for target 'cmTryCompileExec1047828505/fast' failed
make: *** [cmTryCompileExec1047828505/fast] Error 2

File /home/salabeta/robocomp/components/RoboticaAvanzada/footpreassuresensor/CMakeFiles/CMakeTmp/CheckSymbolExists.cxx:
/* */
#include <QtCore/qglobal.h>

int main(int argc, char** argv)
{
  (void)argv;
#ifndef Q_WS_WIN
  return ((int*)(&Q_WS_WIN))[argc];
#else
  (void)argc;
  return 0;
#endif
}

Determining if the Q_WS_QWS exist failed with the following output:
Change Dir: /home/salabeta/robocomp/components/RoboticaAvanzada/footpreassuresensor/CMakeFiles/CMakeTmp

Run Build Command:"/usr/bin/make" "cmTryCompileExec1282560972/fast"
/usr/bin/make -f CMakeFiles/cmTryCompileExec1282560972.dir/build.make CMakeFiles/cmTryCompileExec1282560972.dir/build
make[1]: Entering directory '/home/salabeta/robocomp/components/RoboticaAvanzada/footpreassuresensor/CMakeFiles/CMakeTmp'
/usr/bin/cmake -E cmake_progress_report /home/salabeta/robocomp/components/RoboticaAvanzada/footpreassuresensor/CMakeFiles/CMakeTmp/CMakeFiles 1
Building CXX object CMakeFiles/cmTryCompileExec1282560972.dir/CheckSymbolExists.cxx.o
/usr/bin/c++    -I/usr/include/qt4    -o CMakeFiles/cmTryCompileExec1282560972.dir/CheckSymbolExists.cxx.o -c /home/salabeta/robocomp/components/RoboticaAvanzada/footpreassuresensor/CMakeFiles/CMakeTmp/CheckSymbolExists.cxx
/home/salabeta/robocomp/components/RoboticaAvanzada/footpreassuresensor/CMakeFiles/CMakeTmp/CheckSymbolExists.cxx: In function ‘int main(int, char**)’:
/home/salabeta/robocomp/components/RoboticaAvanzada/footpreassuresensor/CMakeFiles/CMakeTmp/CheckSymbolExists.cxx:8:19: error: ‘Q_WS_QWS’ was not declared in this scope
   return ((int*)(&Q_WS_QWS))[argc];
                   ^
CMakeFiles/cmTryCompileExec1282560972.dir/build.make:57: recipe for target 'CMakeFiles/cmTryCompileExec1282560972.dir/CheckSymbolExists.cxx.o' failed
make[1]: Leaving directory '/home/salabeta/robocomp/components/RoboticaAvanzada/footpreassuresensor/CMakeFiles/CMakeTmp'
make[1]: *** [CMakeFiles/cmTryCompileExec1282560972.dir/CheckSymbolExists.cxx.o] Error 1
Makefile:117: recipe for target 'cmTryCompileExec1282560972/fast' failed
make: *** [cmTryCompileExec1282560972/fast] Error 2

File /home/salabeta/robocomp/components/RoboticaAvanzada/footpreassuresensor/CMakeFiles/CMakeTmp/CheckSymbolExists.cxx:
/* */
#include <QtCore/qglobal.h>

int main(int argc, char** argv)
{
  (void)argv;
#ifndef Q_WS_QWS
  return ((int*)(&Q_WS_QWS))[argc];
#else
  (void)argc;
  return 0;
#endif
}

Determining if the Q_WS_MAC exist failed with the following output:
Change Dir: /home/salabeta/robocomp/components/RoboticaAvanzada/footpreassuresensor/CMakeFiles/CMakeTmp

Run Build Command:"/usr/bin/make" "cmTryCompileExec4274089150/fast"
/usr/bin/make -f CMakeFiles/cmTryCompileExec4274089150.dir/build.make CMakeFiles/cmTryCompileExec4274089150.dir/build
make[1]: Entering directory '/home/salabeta/robocomp/components/RoboticaAvanzada/footpreassuresensor/CMakeFiles/CMakeTmp'
/usr/bin/cmake -E cmake_progress_report /home/salabeta/robocomp/components/RoboticaAvanzada/footpreassuresensor/CMakeFiles/CMakeTmp/CMakeFiles 1
Building CXX object CMakeFiles/cmTryCompileExec4274089150.dir/CheckSymbolExists.cxx.o
/usr/bin/c++    -I/usr/include/qt4    -o CMakeFiles/cmTryCompileExec4274089150.dir/CheckSymbolExists.cxx.o -c /home/salabeta/robocomp/components/RoboticaAvanzada/footpreassuresensor/CMakeFiles/CMakeTmp/CheckSymbolExists.cxx
/home/salabeta/robocomp/components/RoboticaAvanzada/footpreassuresensor/CMakeFiles/CMakeTmp/CheckSymbolExists.cxx: In function ‘int main(int, char**)’:
/home/salabeta/robocomp/components/RoboticaAvanzada/footpreassuresensor/CMakeFiles/CMakeTmp/CheckSymbolExists.cxx:8:19: error: ‘Q_WS_MAC’ was not declared in this scope
   return ((int*)(&Q_WS_MAC))[argc];
                   ^
CMakeFiles/cmTryCompileExec4274089150.dir/build.make:57: recipe for target 'CMakeFiles/cmTryCompileExec4274089150.dir/CheckSymbolExists.cxx.o' failed
make[1]: Leaving directory '/home/salabeta/robocomp/components/RoboticaAvanzada/footpreassuresensor/CMakeFiles/CMakeTmp'
make[1]: *** [CMakeFiles/cmTryCompileExec4274089150.dir/CheckSymbolExists.cxx.o] Error 1
Makefile:117: recipe for target 'cmTryCompileExec4274089150/fast' failed
make: *** [cmTryCompileExec4274089150/fast] Error 2

File /home/salabeta/robocomp/components/RoboticaAvanzada/footpreassuresensor/CMakeFiles/CMakeTmp/CheckSymbolExists.cxx:
/* */
#include <QtCore/qglobal.h>

int main(int argc, char** argv)
{
  (void)argv;
#ifndef Q_WS_MAC
  return ((int*)(&Q_WS_MAC))[argc];
#else
  (void)argc;
  return 0;
#endif
}

