Determining if the Q_WS_WIN exist failed with the following output:
Change Dir: /home/salabeta/robocomp/components/RoboticaAvanzada/HexapodController/build/CMakeFiles/CMakeTmp

Run Build Command:"/usr/bin/make" "cmTryCompileExec768264860/fast"
/usr/bin/make -f CMakeFiles/cmTryCompileExec768264860.dir/build.make CMakeFiles/cmTryCompileExec768264860.dir/build
make[1]: Entering directory '/home/salabeta/robocomp/components/RoboticaAvanzada/HexapodController/build/CMakeFiles/CMakeTmp'
/usr/bin/cmake -E cmake_progress_report /home/salabeta/robocomp/components/RoboticaAvanzada/HexapodController/build/CMakeFiles/CMakeTmp/CMakeFiles 1
Building CXX object CMakeFiles/cmTryCompileExec768264860.dir/CheckSymbolExists.cxx.o
/usr/bin/c++    -I/usr/include/qt4    -o CMakeFiles/cmTryCompileExec768264860.dir/CheckSymbolExists.cxx.o -c /home/salabeta/robocomp/components/RoboticaAvanzada/HexapodController/build/CMakeFiles/CMakeTmp/CheckSymbolExists.cxx
/home/salabeta/robocomp/components/RoboticaAvanzada/HexapodController/build/CMakeFiles/CMakeTmp/CheckSymbolExists.cxx: In function ‘int main(int, char**)’:
/home/salabeta/robocomp/components/RoboticaAvanzada/HexapodController/build/CMakeFiles/CMakeTmp/CheckSymbolExists.cxx:8:19: error: ‘Q_WS_WIN’ was not declared in this scope
   return ((int*)(&Q_WS_WIN))[argc];
                   ^
CMakeFiles/cmTryCompileExec768264860.dir/build.make:57: recipe for target 'CMakeFiles/cmTryCompileExec768264860.dir/CheckSymbolExists.cxx.o' failed
make[1]: *** [CMakeFiles/cmTryCompileExec768264860.dir/CheckSymbolExists.cxx.o] Error 1
make[1]: Leaving directory '/home/salabeta/robocomp/components/RoboticaAvanzada/HexapodController/build/CMakeFiles/CMakeTmp'
Makefile:117: recipe for target 'cmTryCompileExec768264860/fast' failed
make: *** [cmTryCompileExec768264860/fast] Error 2

File /home/salabeta/robocomp/components/RoboticaAvanzada/HexapodController/build/CMakeFiles/CMakeTmp/CheckSymbolExists.cxx:
/* */
#include <QtCore/qglobal.h>

int main(int argc, char** argv)
{
  (void)argv;
#ifndef Q_WS_WIN
  return ((int*)(&Q_WS_WIN))[argc];
#else
  (void)argc;
  return 0;
#endif
}

Determining if the Q_WS_QWS exist failed with the following output:
Change Dir: /home/salabeta/robocomp/components/RoboticaAvanzada/HexapodController/build/CMakeFiles/CMakeTmp

Run Build Command:"/usr/bin/make" "cmTryCompileExec3243470521/fast"
/usr/bin/make -f CMakeFiles/cmTryCompileExec3243470521.dir/build.make CMakeFiles/cmTryCompileExec3243470521.dir/build
make[1]: Entering directory '/home/salabeta/robocomp/components/RoboticaAvanzada/HexapodController/build/CMakeFiles/CMakeTmp'
/usr/bin/cmake -E cmake_progress_report /home/salabeta/robocomp/components/RoboticaAvanzada/HexapodController/build/CMakeFiles/CMakeTmp/CMakeFiles 1
Building CXX object CMakeFiles/cmTryCompileExec3243470521.dir/CheckSymbolExists.cxx.o
/usr/bin/c++    -I/usr/include/qt4    -o CMakeFiles/cmTryCompileExec3243470521.dir/CheckSymbolExists.cxx.o -c /home/salabeta/robocomp/components/RoboticaAvanzada/HexapodController/build/CMakeFiles/CMakeTmp/CheckSymbolExists.cxx
/home/salabeta/robocomp/components/RoboticaAvanzada/HexapodController/build/CMakeFiles/CMakeTmp/CheckSymbolExists.cxx: In function ‘int main(int, char**)’:
/home/salabeta/robocomp/components/RoboticaAvanzada/HexapodController/build/CMakeFiles/CMakeTmp/CheckSymbolExists.cxx:8:19: error: ‘Q_WS_QWS’ was not declared in this scope
   return ((int*)(&Q_WS_QWS))[argc];
                   ^
CMakeFiles/cmTryCompileExec3243470521.dir/build.make:57: recipe for target 'CMakeFiles/cmTryCompileExec3243470521.dir/CheckSymbolExists.cxx.o' failed
make[1]: Leaving directory '/home/salabeta/robocomp/components/RoboticaAvanzada/HexapodController/build/CMakeFiles/CMakeTmp'
make[1]: *** [CMakeFiles/cmTryCompileExec3243470521.dir/CheckSymbolExists.cxx.o] Error 1
Makefile:117: recipe for target 'cmTryCompileExec3243470521/fast' failed
make: *** [cmTryCompileExec3243470521/fast] Error 2

File /home/salabeta/robocomp/components/RoboticaAvanzada/HexapodController/build/CMakeFiles/CMakeTmp/CheckSymbolExists.cxx:
/* */
#include <QtCore/qglobal.h>

int main(int argc, char** argv)
{
  (void)argv;
#ifndef Q_WS_QWS
  return ((int*)(&Q_WS_QWS))[argc];
#else
  (void)argc;
  return 0;
#endif
}

Determining if the Q_WS_MAC exist failed with the following output:
Change Dir: /home/salabeta/robocomp/components/RoboticaAvanzada/HexapodController/build/CMakeFiles/CMakeTmp

Run Build Command:"/usr/bin/make" "cmTryCompileExec154232168/fast"
/usr/bin/make -f CMakeFiles/cmTryCompileExec154232168.dir/build.make CMakeFiles/cmTryCompileExec154232168.dir/build
make[1]: Entering directory '/home/salabeta/robocomp/components/RoboticaAvanzada/HexapodController/build/CMakeFiles/CMakeTmp'
/usr/bin/cmake -E cmake_progress_report /home/salabeta/robocomp/components/RoboticaAvanzada/HexapodController/build/CMakeFiles/CMakeTmp/CMakeFiles 1
Building CXX object CMakeFiles/cmTryCompileExec154232168.dir/CheckSymbolExists.cxx.o
/usr/bin/c++    -I/usr/include/qt4    -o CMakeFiles/cmTryCompileExec154232168.dir/CheckSymbolExists.cxx.o -c /home/salabeta/robocomp/components/RoboticaAvanzada/HexapodController/build/CMakeFiles/CMakeTmp/CheckSymbolExists.cxx
/home/salabeta/robocomp/components/RoboticaAvanzada/HexapodController/build/CMakeFiles/CMakeTmp/CheckSymbolExists.cxx: In function ‘int main(int, char**)’:
/home/salabeta/robocomp/components/RoboticaAvanzada/HexapodController/build/CMakeFiles/CMakeTmp/CheckSymbolExists.cxx:8:19: error: ‘Q_WS_MAC’ was not declared in this scope
   return ((int*)(&Q_WS_MAC))[argc];
                   ^
CMakeFiles/cmTryCompileExec154232168.dir/build.make:57: recipe for target 'CMakeFiles/cmTryCompileExec154232168.dir/CheckSymbolExists.cxx.o' failed
make[1]: *** [CMakeFiles/cmTryCompileExec154232168.dir/CheckSymbolExists.cxx.o] Error 1
make[1]: Leaving directory '/home/salabeta/robocomp/components/RoboticaAvanzada/HexapodController/build/CMakeFiles/CMakeTmp'
Makefile:117: recipe for target 'cmTryCompileExec154232168/fast' failed
make: *** [cmTryCompileExec154232168/fast] Error 2

File /home/salabeta/robocomp/components/RoboticaAvanzada/HexapodController/build/CMakeFiles/CMakeTmp/CheckSymbolExists.cxx:
/* */
#include <QtCore/qglobal.h>

int main(int argc, char** argv)
{
  (void)argv;
#ifndef Q_WS_MAC
  return ((int*)(&Q_WS_MAC))[argc];
#else
  (void)argc;
  return 0;
#endif
}

